INFO - 2023-11-28 00:24:28 --> Session: Class initialized using 'CodeIgniter\Session\Handlers\FileHandler' driver.
INFO - 2023-11-28 00:24:31 --> Session: Class initialized using 'CodeIgniter\Session\Handlers\FileHandler' driver.
INFO - 2023-11-28 00:24:33 --> Session: Class initialized using 'CodeIgniter\Session\Handlers\FileHandler' driver.
INFO - 2023-11-28 00:24:35 --> Session: Class initialized using 'CodeIgniter\Session\Handlers\FileHandler' driver.
INFO - 2023-11-28 00:24:37 --> Session: Class initialized using 'CodeIgniter\Session\Handlers\FileHandler' driver.
INFO - 2023-11-28 00:25:13 --> Session: Class initialized using 'CodeIgniter\Session\Handlers\FileHandler' driver.
ERROR - 2023-11-28 00:25:13 --> mysqli_sql_exception: Unknown column 'codigo' in 'where clause' in C:\wamp64\www\yoliwayra\system\Database\MySQLi\Connection.php:306
Stack trace:
#0 C:\wamp64\www\yoliwayra\system\Database\MySQLi\Connection.php(306): mysqli->query('SELECT *\nFROM `...', 0)
#1 C:\wamp64\www\yoliwayra\system\Database\BaseConnection.php(692): CodeIgniter\Database\MySQLi\Connection->execute('SELECT *\nFROM `...')
#2 C:\wamp64\www\yoliwayra\system\Database\BaseConnection.php(606): CodeIgniter\Database\BaseConnection->simpleQuery('SELECT *\nFROM `...')
#3 C:\wamp64\www\yoliwayra\system\Database\BaseBuilder.php(1615): CodeIgniter\Database\BaseConnection->query('SELECT *\nFROM `...', Array, false)
#4 C:\wamp64\www\yoliwayra\system\Model.php(264): CodeIgniter\Database\BaseBuilder->get()
#5 C:\wamp64\www\yoliwayra\system\BaseModel.php(662): CodeIgniter\Model->doFirst()
#6 C:\wamp64\www\yoliwayra\app\Models\EstadoModel.php(29): CodeIgniter\BaseModel->first()
#7 C:\wamp64\www\yoliwayra\app\Controllers\Estado.php(32): App\Models\EstadoModel->getEstadoCodigoNombre('DE', 'Distrito Especi...')
#8 C:\wamp64\www\yoliwayra\system\CodeIgniter.php(919): App\Controllers\Estado->insert()
#9 C:\wamp64\www\yoliwayra\system\CodeIgniter.php(494): CodeIgniter\CodeIgniter->runController(Object(App\Controllers\Estado))
#10 C:\wamp64\www\yoliwayra\system\CodeIgniter.php(353): CodeIgniter\CodeIgniter->handleRequest(NULL, Object(Config\Cache), false)
#11 C:\wamp64\www\yoliwayra\index.php(79): CodeIgniter\CodeIgniter->run()
#12 {main}
CRITICAL - 2023-11-28 00:25:13 --> Unknown column 'codigo' in 'where clause'
in SYSTEMPATH\Database\BaseConnection.php on line 646.
 1 SYSTEMPATH\Database\BaseBuilder.php(1615): CodeIgniter\Database\BaseConnection->query('SELECT *
FROM `estados`
WHERE `codigo` = :codigo:
AND   (
`nombre` = :nombre:
 )
AND `activo` = :activo:
 LIMIT 1', [...], false)
 2 SYSTEMPATH\Model.php(264): CodeIgniter\Database\BaseBuilder->get()
 3 SYSTEMPATH\BaseModel.php(662): CodeIgniter\Model->doFirst()
 4 APPPATH\Models\EstadoModel.php(29): CodeIgniter\BaseModel->first()
 5 APPPATH\Controllers\Estado.php(32): App\Models\EstadoModel->getEstadoCodigoNombre('DE', 'Distrito Especial')
 6 SYSTEMPATH\CodeIgniter.php(919): App\Controllers\Estado->insert()
 7 SYSTEMPATH\CodeIgniter.php(494): CodeIgniter\CodeIgniter->runController(Object(App\Controllers\Estado))
 8 SYSTEMPATH\CodeIgniter.php(353): CodeIgniter\CodeIgniter->handleRequest(null, Object(Config\Cache), false)
 9 FCPATH\index.php(79): CodeIgniter\CodeIgniter->run()
