INFO - 2023-11-14 00:29:32 --> Session: Class initialized using 'CodeIgniter\Session\Handlers\FileHandler' driver.
INFO - 2023-11-14 00:29:34 --> Session: Class initialized using 'CodeIgniter\Session\Handlers\FileHandler' driver.
ERROR - 2023-11-14 00:29:35 --> mysqli_sql_exception: Unknown column 'usr.activo' in 'field list' in C:\wamp64\www\yoliwayra\system\Database\MySQLi\Connection.php:306
Stack trace:
#0 C:\wamp64\www\yoliwayra\system\Database\MySQLi\Connection.php(306): mysqli->query('select est.id, ...', 0)
#1 C:\wamp64\www\yoliwayra\system\Database\BaseConnection.php(692): CodeIgniter\Database\MySQLi\Connection->execute('select est.id, ...')
#2 C:\wamp64\www\yoliwayra\system\Database\BaseConnection.php(606): CodeIgniter\Database\BaseConnection->simpleQuery('select est.id, ...')
#3 C:\wamp64\www\yoliwayra\system\Model.php(867): CodeIgniter\Database\BaseConnection->query('select est.id, ...')
#4 C:\wamp64\www\yoliwayra\app\Models\EstadoModel.php(15): CodeIgniter\Model->__call('query', Array)
#5 C:\wamp64\www\yoliwayra\app\Controllers\Estado.php(10): App\Models\EstadoModel->getEstadosActivos()
#6 C:\wamp64\www\yoliwayra\system\CodeIgniter.php(919): App\Controllers\Estado->index()
#7 C:\wamp64\www\yoliwayra\system\CodeIgniter.php(494): CodeIgniter\CodeIgniter->runController(Object(App\Controllers\Estado))
#8 C:\wamp64\www\yoliwayra\system\CodeIgniter.php(353): CodeIgniter\CodeIgniter->handleRequest(NULL, Object(Config\Cache), false)
#9 C:\wamp64\www\yoliwayra\index.php(79): CodeIgniter\CodeIgniter->run()
#10 {main}
CRITICAL - 2023-11-14 00:29:35 --> Unknown column 'usr.activo' in 'field list'
in SYSTEMPATH\Database\BaseConnection.php on line 646.
 1 SYSTEMPATH\Model.php(867): CodeIgniter\Database\BaseConnection->query('select est.id, est.pais, est.nombre, usr.activo, pai.id, pai.nombre, pai.activo
                          from estados est 
                          inner join paises pai on est.pais = pai.id
                          where est.activo = 1')
 2 APPPATH\Models\EstadoModel.php(15): CodeIgniter\Model->__call('query', [...])
 3 APPPATH\Controllers\Estado.php(10): App\Models\EstadoModel->getEstadosActivos()
 4 SYSTEMPATH\CodeIgniter.php(919): App\Controllers\Estado->index()
 5 SYSTEMPATH\CodeIgniter.php(494): CodeIgniter\CodeIgniter->runController(Object(App\Controllers\Estado))
 6 SYSTEMPATH\CodeIgniter.php(353): CodeIgniter\CodeIgniter->handleRequest(null, Object(Config\Cache), false)
 7 FCPATH\index.php(79): CodeIgniter\CodeIgniter->run()
INFO - 2023-11-14 00:29:46 --> Session: Class initialized using 'CodeIgniter\Session\Handlers\FileHandler' driver.
CRITICAL - 2023-11-14 00:29:46 --> Call to undefined method CodeIgniter\Database\MySQLi\Result::findAll()
in APPPATH\Models\EstadoModel.php on line 18.
 1 APPPATH\Controllers\Estado.php(10): App\Models\EstadoModel->getEstadosActivos()
 2 SYSTEMPATH\CodeIgniter.php(919): App\Controllers\Estado->index()
 3 SYSTEMPATH\CodeIgniter.php(494): CodeIgniter\CodeIgniter->runController(Object(App\Controllers\Estado))
 4 SYSTEMPATH\CodeIgniter.php(353): CodeIgniter\CodeIgniter->handleRequest(null, Object(Config\Cache), false)
 5 FCPATH\index.php(79): CodeIgniter\CodeIgniter->run()
INFO - 2023-11-14 00:29:59 --> Session: Class initialized using 'CodeIgniter\Session\Handlers\FileHandler' driver.
INFO - 2023-11-14 00:50:40 --> Session: Class initialized using 'CodeIgniter\Session\Handlers\FileHandler' driver.
ERROR - 2023-11-14 00:50:40 --> mysqli_sql_exception: Unknown column 'est.id_estado' in 'field list' in C:\wamp64\www\yoliwayra\system\Database\MySQLi\Connection.php:306
Stack trace:
#0 C:\wamp64\www\yoliwayra\system\Database\MySQLi\Connection.php(306): mysqli->query('select est.id_e...', 0)
#1 C:\wamp64\www\yoliwayra\system\Database\BaseConnection.php(692): CodeIgniter\Database\MySQLi\Connection->execute('select est.id_e...')
#2 C:\wamp64\www\yoliwayra\system\Database\BaseConnection.php(606): CodeIgniter\Database\BaseConnection->simpleQuery('select est.id_e...')
#3 C:\wamp64\www\yoliwayra\system\Model.php(867): CodeIgniter\Database\BaseConnection->query('select est.id_e...')
#4 C:\wamp64\www\yoliwayra\app\Models\EstadoModel.php(15): CodeIgniter\Model->__call('query', Array)
#5 C:\wamp64\www\yoliwayra\app\Controllers\Estado.php(10): App\Models\EstadoModel->getEstadosActivos()
#6 C:\wamp64\www\yoliwayra\system\CodeIgniter.php(919): App\Controllers\Estado->index()
#7 C:\wamp64\www\yoliwayra\system\CodeIgniter.php(494): CodeIgniter\CodeIgniter->runController(Object(App\Controllers\Estado))
#8 C:\wamp64\www\yoliwayra\system\CodeIgniter.php(353): CodeIgniter\CodeIgniter->handleRequest(NULL, Object(Config\Cache), false)
#9 C:\wamp64\www\yoliwayra\index.php(79): CodeIgniter\CodeIgniter->run()
#10 {main}
CRITICAL - 2023-11-14 00:50:40 --> Unknown column 'est.id_estado' in 'field list'
in SYSTEMPATH\Database\BaseConnection.php on line 646.
 1 SYSTEMPATH\Model.php(867): CodeIgniter\Database\BaseConnection->query('select est.id_estado, est.id_pais, est.nombre_estado, est.activo_estado, pai.nombre_pais, pai.activo_pais
                          from estados est 
                          inner join paises pai on est.pais = pai.id
                          where est.activo = 1')
 2 APPPATH\Models\EstadoModel.php(15): CodeIgniter\Model->__call('query', [...])
 3 APPPATH\Controllers\Estado.php(10): App\Models\EstadoModel->getEstadosActivos()
 4 SYSTEMPATH\CodeIgniter.php(919): App\Controllers\Estado->index()
 5 SYSTEMPATH\CodeIgniter.php(494): CodeIgniter\CodeIgniter->runController(Object(App\Controllers\Estado))
 6 SYSTEMPATH\CodeIgniter.php(353): CodeIgniter\CodeIgniter->handleRequest(null, Object(Config\Cache), false)
 7 FCPATH\index.php(79): CodeIgniter\CodeIgniter->run()
INFO - 2023-11-14 00:52:23 --> Session: Class initialized using 'CodeIgniter\Session\Handlers\FileHandler' driver.
INFO - 2023-11-14 00:53:12 --> Session: Class initialized using 'CodeIgniter\Session\Handlers\FileHandler' driver.
INFO - 2023-11-14 00:55:43 --> Session: Class initialized using 'CodeIgniter\Session\Handlers\FileHandler' driver.
INFO - 2023-11-14 00:56:13 --> Session: Class initialized using 'CodeIgniter\Session\Handlers\FileHandler' driver.
INFO - 2023-11-14 00:56:31 --> Session: Class initialized using 'CodeIgniter\Session\Handlers\FileHandler' driver.
INFO - 2023-11-14 00:57:09 --> Session: Class initialized using 'CodeIgniter\Session\Handlers\FileHandler' driver.
INFO - 2023-11-14 00:57:36 --> Session: Class initialized using 'CodeIgniter\Session\Handlers\FileHandler' driver.
INFO - 2023-11-14 01:01:05 --> Session: Class initialized using 'CodeIgniter\Session\Handlers\FileHandler' driver.
INFO - 2023-11-14 01:01:14 --> Session: Class initialized using 'CodeIgniter\Session\Handlers\FileHandler' driver.
INFO - 2023-11-14 01:01:23 --> Session: Class initialized using 'CodeIgniter\Session\Handlers\FileHandler' driver.
INFO - 2023-11-14 01:03:32 --> Session: Class initialized using 'CodeIgniter\Session\Handlers\FileHandler' driver.
INFO - 2023-11-14 01:03:47 --> Session: Class initialized using 'CodeIgniter\Session\Handlers\FileHandler' driver.
INFO - 2023-11-14 01:04:01 --> Session: Class initialized using 'CodeIgniter\Session\Handlers\FileHandler' driver.
INFO - 2023-11-14 01:04:07 --> Session: Class initialized using 'CodeIgniter\Session\Handlers\FileHandler' driver.
INFO - 2023-11-14 01:04:32 --> Session: Class initialized using 'CodeIgniter\Session\Handlers\FileHandler' driver.
INFO - 2023-11-14 01:04:39 --> Session: Class initialized using 'CodeIgniter\Session\Handlers\FileHandler' driver.
INFO - 2023-11-14 01:08:06 --> Session: Class initialized using 'CodeIgniter\Session\Handlers\FileHandler' driver.
INFO - 2023-11-14 01:08:16 --> Session: Class initialized using 'CodeIgniter\Session\Handlers\FileHandler' driver.
INFO - 2023-11-14 01:10:48 --> Session: Class initialized using 'CodeIgniter\Session\Handlers\FileHandler' driver.
INFO - 2023-11-14 01:14:05 --> Session: Class initialized using 'CodeIgniter\Session\Handlers\FileHandler' driver.
INFO - 2023-11-14 01:15:12 --> Session: Class initialized using 'CodeIgniter\Session\Handlers\FileHandler' driver.
INFO - 2023-11-14 01:19:29 --> Session: Class initialized using 'CodeIgniter\Session\Handlers\FileHandler' driver.
INFO - 2023-11-14 01:20:10 --> Session: Class initialized using 'CodeIgniter\Session\Handlers\FileHandler' driver.
